<?xml version="1.0" encoding="UTF-8"?>
<!-- Generated by org.testng.reporters.JUnitReportReporter -->
<testsuite hostname="LAPTOP-QHM9BDJJ" failures="0" tests="1" name="Com.tests.Validating_Broken_Images" time="15.201" errors="0" timestamp="2023-07-18T18:07:30 IST" skipped="0">
  <testcase classname="Com.tests.Validating_Broken_Images" name="ValidatingBrokenImages" time="15.201"/>
  <system-out/>
</testsuite> <!-- Com.tests.Validating_Broken_Images -->
